{"name": "test_interactWithPage", "status": "broken", "statusDetails": {"message": "selenium.common.exceptions.NoSuchElementException: Message: no such element: Unable to locate element: {\"method\":\"css selector\",\"selector\":\"input[type=checkbox]\"}\n  (Session info: chrome=126.0.6478.126); For documentation on this error, please visit: https://www.selenium.dev/documentation/webdriver/troubleshooting/errors#no-such-element-exception\nStacktrace:\n#0 0x5dc3ee172c7a <unknown>\n#1 0x5dc3ede55e2c <unknown>\n#2 0x5dc3edea2661 <unknown>\n#3 0x5dc3edea2751 <unknown>\n#4 0x5dc3ede96bf6 <unknown>\n#5 0x5dc3edec55ed <unknown>\n#6 0x5dc3ede96ad9 <unknown>\n#7 0x5dc3edec578e <unknown>\n#8 0x5dc3edee4303 <unknown>\n#9 0x5dc3edec5363 <unknown>\n#10 0x5dc3ede95247 <unknown>\n#11 0x5dc3ede95b9e <unknown>\n#12 0x5dc3ee13924b <unknown>\n#13 0x5dc3ee13d2f1 <unknown>\n#14 0x5dc3ee124afe <unknown>\n#15 0x5dc3ee13de52 <unknown>\n#16 0x5dc3ee10979f <unknown>\n#17 0x5dc3ee162638 <unknown>\n#18 0x5dc3ee162810 <unknown>\n#19 0x5dc3ee171dac <unknown>\n#20 0x75797aa94ac3 <unknown>", "trace": "browserChrome = <selenium.webdriver.chrome.webdriver.WebDriver (session=\"06f691161727210b291b226692825f4c\")>\n\n    def test_interactWithPage(browserChrome):\n        # Variables for the test\n        headerText = \"Automation Testing Practice\"\n        userName = \"Victor Machado\"\n        userEmail = \"victormurilo@gmail.com\"\n        userPhone = \"(62)99999-9999\"\n        userAddress = \"Goiania - GO\"\n        userCountry = \"Brazil\"\n        userAmit = \"Amit\"\n        color = \"Green\"\n        pauseText = \"Press enter in terminal to finish...\"\n    \n        testAutomationPracticePage = TestAutomationPracticePage(browserChrome)\n        testAutomationPracticePage.load()\n    \n        # Validating header\n        testAutomationPracticePage.validateElementText(testAutomationPracticePage.headerInner, headerText)\n    \n        # Fill form\n        testAutomationPracticePage.type(testAutomationPracticePage.nameInput, userName)\n        testAutomationPracticePage.type(testAutomationPracticePage.emailInput, userEmail)\n        testAutomationPracticePage.type(testAutomationPracticePage.phoneInput, userPhone)\n        testAutomationPracticePage.type(testAutomationPracticePage.addressInput, userAddress)\n    \n        # Selecting gender\n        testAutomationPracticePage.clickElement(testAutomationPracticePage.maleGenderRadioButton)\n    \n        # Selecting Tuesday on list\n        testAutomationPracticePage.selectDayOfList(3)\n    \n        # Selecting country\n        testAutomationPracticePage.select(testAutomationPracticePage.countryDropdown, userCountry)\n    \n        # Selecting colors\n        testAutomationPracticePage.select(testAutomationPracticePage.colors, color)\n    \n        # Validating table content\n        testAutomationPracticePage.validateCellContentByPosition(testAutomationPracticePage.webTable, 2, 2, userAmit)\n    \n        # Click on select by column name\n>       testAutomationPracticePage.selectProductOnPaginationTableByRowNumber(3)\n\ntap_full.py:46: \n_ _ _ _ _ _ _ _ _ _ _ _ _ _ _ _ _ _ _ _ _ _ _ _ _ _ _ _ _ _ _ _ _ _ _ _ _ _ _ _ _ _ _ _ _ _ _ _ _ _ _ _ _ _ _ _ _ _ _ _ _ _ _ _ _ _ _ _ _ _ _ _ _ _ _ _ _ _ _ _ _ _ _ _ _ _ _ _ _ _ _ _ _ _\n../pageObjects/test_automation_practice_page.py:39: in selectProductOnPaginationTableByRowNumber\n    element.find_element(By.CSS_SELECTOR, \"input[type=checkbox]\").click()\n../myenv/lib/python3.10/site-packages/selenium/webdriver/remote/webelement.py:417: in find_element\n    return self._execute(Command.FIND_CHILD_ELEMENT, {\"using\": by, \"value\": value})[\"value\"]\n../myenv/lib/python3.10/site-packages/selenium/webdriver/remote/webelement.py:395: in _execute\n    return self._parent.execute(command, params)\n../myenv/lib/python3.10/site-packages/selenium/webdriver/remote/webdriver.py:354: in execute\n    self.error_handler.check_response(response)\n_ _ _ _ _ _ _ _ _ _ _ _ _ _ _ _ _ _ _ _ _ _ _ _ _ _ _ _ _ _ _ _ _ _ _ _ _ _ _ _ _ _ _ _ _ _ _ _ _ _ _ _ _ _ _ _ _ _ _ _ _ _ _ _ _ _ _ _ _ _ _ _ _ _ _ _ _ _ _ _ _ _ _ _ _ _ _ _ _ _ _ _ _ _\n\nself = <selenium.webdriver.remote.errorhandler.ErrorHandler object at 0x7814bd7c1c90>\nresponse = {'status': 404, 'value': '{\"value\":{\"error\":\"no such element\",\"message\":\"no such element: Unable to locate element: {\\...\\\\n#18 0x5dc3ee162810 \\\\u003Cunknown>\\\\n#19 0x5dc3ee171dac \\\\u003Cunknown>\\\\n#20 0x75797aa94ac3 \\\\u003Cunknown>\\\\n\"}}'}\n\n    def check_response(self, response: Dict[str, Any]) -> None:\n        \"\"\"Checks that a JSON response from the WebDriver does not have an\n        error.\n    \n        :Args:\n         - response - The JSON response from the WebDriver server as a dictionary\n           object.\n    \n        :Raises: If the response contains an error message.\n        \"\"\"\n        status = response.get(\"status\", None)\n        if not status or status == ErrorCode.SUCCESS:\n            return\n        value = None\n        message = response.get(\"message\", \"\")\n        screen: str = response.get(\"screen\", \"\")\n        stacktrace = None\n        if isinstance(status, int):\n            value_json = response.get(\"value\", None)\n            if value_json and isinstance(value_json, str):\n                import json\n    \n                try:\n                    value = json.loads(value_json)\n                    if len(value) == 1:\n                        value = value[\"value\"]\n                    status = value.get(\"error\", None)\n                    if not status:\n                        status = value.get(\"status\", ErrorCode.UNKNOWN_ERROR)\n                        message = value.get(\"value\") or value.get(\"message\")\n                        if not isinstance(message, str):\n                            value = message\n                            message = message.get(\"message\")\n                    else:\n                        message = value.get(\"message\", None)\n                except ValueError:\n                    pass\n    \n        exception_class: Type[WebDriverException]\n        e = ErrorCode()\n        error_codes = [item for item in dir(e) if not item.startswith(\"__\")]\n        for error_code in error_codes:\n            error_info = getattr(ErrorCode, error_code)\n            if isinstance(error_info, list) and status in error_info:\n                exception_class = getattr(ExceptionMapping, error_code, WebDriverException)\n                break\n        else:\n            exception_class = WebDriverException\n    \n        if not value:\n            value = response[\"value\"]\n        if isinstance(value, str):\n            raise exception_class(value)\n        if message == \"\" and \"message\" in value:\n            message = value[\"message\"]\n    \n        screen = None  # type: ignore[assignment]\n        if \"screen\" in value:\n            screen = value[\"screen\"]\n    \n        stacktrace = None\n        st_value = value.get(\"stackTrace\") or value.get(\"stacktrace\")\n        if st_value:\n            if isinstance(st_value, str):\n                stacktrace = st_value.split(\"\\n\")\n            else:\n                stacktrace = []\n                try:\n                    for frame in st_value:\n                        line = frame.get(\"lineNumber\", \"\")\n                        file = frame.get(\"fileName\", \"<anonymous>\")\n                        if line:\n                            file = f\"{file}:{line}\"\n                        meth = frame.get(\"methodName\", \"<anonymous>\")\n                        if \"className\" in frame:\n                            meth = f\"{frame['className']}.{meth}\"\n                        msg = \"    at %s (%s)\"\n                        msg = msg % (meth, file)\n                        stacktrace.append(msg)\n                except TypeError:\n                    pass\n        if exception_class == UnexpectedAlertPresentException:\n            alert_text = None\n            if \"data\" in value:\n                alert_text = value[\"data\"].get(\"text\")\n            elif \"alert\" in value:\n                alert_text = value[\"alert\"].get(\"text\")\n            raise exception_class(message, screen, stacktrace, alert_text)  # type: ignore[call-arg]  # mypy is not smart enough here\n>       raise exception_class(message, screen, stacktrace)\nE       selenium.common.exceptions.NoSuchElementException: Message: no such element: Unable to locate element: {\"method\":\"css selector\",\"selector\":\"input[type=checkbox]\"}\nE         (Session info: chrome=126.0.6478.126); For documentation on this error, please visit: https://www.selenium.dev/documentation/webdriver/troubleshooting/errors#no-such-element-exception\nE       Stacktrace:\nE       #0 0x5dc3ee172c7a <unknown>\nE       #1 0x5dc3ede55e2c <unknown>\nE       #2 0x5dc3edea2661 <unknown>\nE       #3 0x5dc3edea2751 <unknown>\nE       #4 0x5dc3ede96bf6 <unknown>\nE       #5 0x5dc3edec55ed <unknown>\nE       #6 0x5dc3ede96ad9 <unknown>\nE       #7 0x5dc3edec578e <unknown>\nE       #8 0x5dc3edee4303 <unknown>\nE       #9 0x5dc3edec5363 <unknown>\nE       #10 0x5dc3ede95247 <unknown>\nE       #11 0x5dc3ede95b9e <unknown>\nE       #12 0x5dc3ee13924b <unknown>\nE       #13 0x5dc3ee13d2f1 <unknown>\nE       #14 0x5dc3ee124afe <unknown>\nE       #15 0x5dc3ee13de52 <unknown>\nE       #16 0x5dc3ee10979f <unknown>\nE       #17 0x5dc3ee162638 <unknown>\nE       #18 0x5dc3ee162810 <unknown>\nE       #19 0x5dc3ee171dac <unknown>\nE       #20 0x75797aa94ac3 <unknown>\n\n../myenv/lib/python3.10/site-packages/selenium/webdriver/remote/errorhandler.py:229: NoSuchElementException"}, "start": 1720112972922, "stop": 1720112977834, "uuid": "0ddd3400-170d-41b7-9790-4971f66844a6", "historyId": "a94fa960d03252e19068b17e2048b5db", "testCaseId": "a94fa960d03252e19068b17e2048b5db", "fullName": "e2e_tests.tap_full#test_interactWithPage", "labels": [{"name": "parentSuite", "value": "e2e_tests"}, {"name": "suite", "value": "tap_full"}, {"name": "host", "value": "ENCSABCAMLT0895"}, {"name": "thread", "value": "13457-MainThread"}, {"name": "framework", "value": "pytest"}, {"name": "language", "value": "cpython3"}, {"name": "package", "value": "e2e_tests.tap_full"}]}